[2020-11-12T10:46:23.506] [INFO] main - Démarrage de l'application
[2020-11-12T10:46:45.372] [ERROR] communication - Error: ENOENT: no such file or directory, open 'C:\Users\arnau\AppData\Roaming\Messagerie Mel\Mails Archive\malfoo@gmail.com\Notes\Alerte de sécurité concernant votre compte Google associé.eml'
    at Object.openSync (fs.js:440:3)
    at Object.func [as openSync] (electron/js2c/asar.js:140:31)
    at Object.readFileSync (fs.js:342:35)
    at Object.fs.readFileSync (electron/js2c/asar.js:542:40)
    at C:\wamp64\www\mel-electron\main-process\communication.js:53:24 {
  errno: -4058,
  syscall: 'open',
  code: 'ENOENT',
  path: 'C:\\Users\\arnau\\AppData\\Roaming\\Messagerie Mel\\Mails Archive\\malfoo@gmail.com\\Notes\\Alerte de sécurité concernant votre compte Google associé.eml'
}
[2020-11-12T10:46:48.352] [ERROR] communication - TypeError: Cannot read property 'path_file' of undefined
    at C:\wamp64\www\mel-electron\main-process\communication.js:53:77
[2020-11-12T10:47:21.342] [INFO] communication - Debut de l'archivage
[2020-11-12T15:30:55.041] [INFO] main - Démarrage de l'application
[2020-11-12T15:31:23.548] [ERROR] communication - TypeError: Cannot read property 'path_file' of undefined
    at C:\wamp64\www\mel-electron\main-process\communication.js:53:77
[2020-11-12T15:31:56.352] [INFO] main - Démarrage de l'application
[2020-11-12T15:32:15.581] [ERROR] communication - TypeError: Cannot read property 'path_file' of undefined
    at C:\wamp64\www\mel-electron\main-process\communication.js:54:77
[2020-11-12T15:32:38.963] [INFO] main - Démarrage de l'application
[2020-11-12T15:32:55.201] [ERROR] communication - TypeError: Cannot read property 'path_file' of undefined
    at C:\wamp64\www\mel-electron\main-process\communication.js:54:77
[2020-11-12T15:33:07.692] [INFO] main - Démarrage de l'application
[2020-11-12T15:33:25.532] [ERROR] communication - TypeError: Cannot read property 'path_file' of undefined
    at C:\wamp64\www\mel-electron\main-process\communication.js:54:77
[2020-11-12T15:33:57.514] [INFO] main - Démarrage de l'application
